#
# There is insufficient memory for the Java Runtime Environment to continue.
# Native memory allocation (mmap) failed to map 268435456 bytes for G1 virtual space
# Possible reasons:
#   The system is out of physical RAM or swap space
#   The process is running with CompressedOops enabled, and the Java Heap may be blocking the growth of the native heap
# Possible solutions:
#   Reduce memory load on the system
#   Increase physical memory or swap space
#   Check if swap backing store is full
#   Decrease Java heap size (-Xmx/-Xms)
#   Decrease number of Java threads
#   Decrease Java thread stack sizes (-Xss)
#   Set larger code cache with -XX:ReservedCodeCacheSize=
#   JVM is running with Zero Based Compressed Oops mode in which the Java heap is
#     placed in the first 32GB address space. The Java Heap base address is the
#     maximum limit for the native heap growth. Please use -XX:HeapBaseMinAddress
#     to set the Java Heap base and to place the Java Heap above 32GB virtual address.
# This output file may be truncated or incomplete.
#
#  Out of Memory Error (os_windows.cpp:3527), pid=33068, tid=32184
#
# JRE version:  (19.0.1+10) (build )
# Java VM: OpenJDK 64-Bit Server VM (19.0.1+10-21, mixed mode, sharing, tiered, compressed oops, compressed class ptrs, g1 gc, windows-amd64)
# No core dump will be written. Minidumps are not enabled by default on client versions of Windows
#

---------------  S U M M A R Y ------------

Command Line: -javaagent:C:\Users\Dilnoza\AppData\Local\JetBrains\Toolbox\apps\IDEA-C\ch-0\223.8214.52\lib\idea_rt.jar=59016:C:\Users\Dilnoza\AppData\Local\JetBrains\Toolbox\apps\IDEA-C\ch-0\223.8214.52\bin -Dfile.encoding=UTF-8 -Dsun.stdout.encoding=UTF-8 -Dsun.stderr.encoding=UTF-8 com.exelenter.Main

Host: Intel(R) Core(TM) i7-8750H CPU @ 2.20GHz, 12 cores, 15G,  Windows 10 , 64 bit Build 19041 (10.0.19041.1706)
Time: Mon Feb 20 21:47:12 2023 Eastern Standard Time elapsed time: 0.012512 seconds (0d 0h 0m 0s)

---------------  T H R E A D  ---------------

Current thread (0x00000271b728ae30):  JavaThread "Unknown thread" [_thread_in_vm, id=32184, stack(0x000000d4d1d00000,0x000000d4d1e00000)]

Stack: [0x000000d4d1d00000,0x000000d4d1e00000]
Native frames: (J=compiled Java code, j=interpreted, Vv=VM code, C=native code)
V  [jvm.dll+0x6ee8fa]
V  [jvm.dll+0x857a1e]
V  [jvm.dll+0x85940e]
V  [jvm.dll+0x859ac3]
V  [jvm.dll+0x28291f]
V  [jvm.dll+0x6eb6e9]
V  [jvm.dll+0x6e028a]
V  [jvm.dll+0x357136]
V  [jvm.dll+0x35eb96]
V  [jvm.dll+0x3b555e]
V  [jvm.dll+0x3b578f]
V  [jvm.dll+0x32c6ea]
V  [jvm.dll+0x32d59e]
V  [jvm.dll+0x821b20]
V  [jvm.dll+0x3c27c1]
V  [jvm.dll+0x8022f1]
V  [jvm.dll+0x44b30f]
V  [jvm.dll+0x44cc91]
C  [jli.dll+0x5287]
C  [ucrtbase.dll+0x21bb2]
C  [KERNEL32.DLL+0x17034]
C  [ntdll.dll+0x52651]


---------------  P R O C E S S  ---------------

Threads class SMR info:
_java_thread_list=0x00007ffc291fd048, length=0, elements={
}

Java Threads: ( => current thread )

Other Threads:
  0x00000271b72fa390 WorkerThread "GC Thread#0" [stack: 0x000000d4d1e00000,0x000000d4d1f00000] [id=32424]
  0x00000271b730c1c0 ConcurrentGCThread "G1 Main Marker" [stack: 0x000000d4d1f00000,0x000000d4d2000000] [id=2000]
  0x00000271b730db10 WorkerThread "G1 Conc#0" [stack: 0x000000d4d2000000,0x000000d4d2100000] [id=36224]

[error occurred during error reporting (printing all threads), id 0xc0000005, EXCEPTION_ACCESS_VIOLATION (0xc0000005) at pc=0x00007ffc289bd127]

VM state: not at safepoint (not fully initialized)

VM Mutex/Monitor currently owned by a thread:  ([mutex/lock_event])
[0x00000271b7288970] Heap_lock - owner thread: 0x00000271b728ae30

Heap address: 0x0000000701e00000, size: 4066 MB, Compressed Oops mode: Zero based, Oop shift amount: 3

CDS archive(s) mapped at: [0x0000000000000000-0x0000000000000000-0x0000000000000000), size 0, SharedBaseAddress: 0x0000000800000000, ArchiveRelocationMode: 0.
Narrow klass base: 0x0000000000000000, Narrow klass shift: 0, Narrow klass range: 0x0

GC Precious Log:
 CardTable entry size: 512
 Card Set container configuration: InlinePtr #cards 4 size 8 Array Of Cards #cards 16 size 48 Howl #buckets 8 coarsen threshold 3686 Howl Bitmap #cards 512 size 80 coarsen threshold 460 Card regions per heap region 1 cards per card region 4096

Heap:
 garbage-first heap   total 0K, used 0K [0x0000000701e00000, 0x0000000800000000)
  region size 2048K, 0 young (0K), 0 survivors (0K)

[error occurred during error reporting (printing heap information), id 0xc0000005, EXCEPTION_ACCESS_VIOLATION (0xc0000005) at pc=0x00007ffc28dc6959]

GC Heap History (0 events):
No events

Dll operation events (1 events):
Event: 0.008 Loaded shared library C:\Users\Dilnoza\.jdks\openjdk-19.0.1\bin\java.dll

Deoptimization events (0 events):
No events

Classes loaded (0 events):
No events

Classes unloaded (0 events):
No events

Classes redefined (0 events):
No events

Internal exceptions (0 events):
No events

VM Operations (0 events):
No events

Events (0 events):
No events


Dynamic libraries:
0x00007ff60aa40000 - 0x00007ff60aa4e000 	C:\Users\Dilnoza\.jdks\openjdk-19.0.1\bin\java.exe
0x00007ffc66b30000 - 0x00007ffc66d25000 	C:\Windows\SYSTEM32\ntdll.dll
0x00007ffc66010000 - 0x00007ffc660cd000 	C:\Windows\System32\KERNEL32.DLL
0x00007ffc646a0000 - 0x00007ffc6496d000 	C:\Windows\System32\KERNELBASE.dll
0x00007ffc64a80000 - 0x00007ffc64b80000 	C:\Windows\System32\ucrtbase.dll
0x00007ffc5ec30000 - 0x00007ffc5ec47000 	C:\Users\Dilnoza\.jdks\openjdk-19.0.1\bin\jli.dll
0x00007ffc5e840000 - 0x00007ffc5e85b000 	C:\Users\Dilnoza\.jdks\openjdk-19.0.1\bin\VCRUNTIME140.dll
0x00007ffc652f0000 - 0x00007ffc65490000 	C:\Windows\System32\USER32.dll
0x00007ffc64240000 - 0x00007ffc64262000 	C:\Windows\System32\win32u.dll
0x00007ffc527f0000 - 0x00007ffc52a8a000 	C:\Windows\WinSxS\amd64_microsoft.windows.common-controls_6595b64144ccf1df_6.0.19041.1110_none_60b5254171f9507e\COMCTL32.dll
0x00007ffc651e0000 - 0x00007ffc6520a000 	C:\Windows\System32\GDI32.dll
0x00007ffc660d0000 - 0x00007ffc6616e000 	C:\Windows\System32\msvcrt.dll
0x00007ffc644d0000 - 0x00007ffc645db000 	C:\Windows\System32\gdi32full.dll
0x00007ffc64970000 - 0x00007ffc64a0d000 	C:\Windows\System32\msvcp_win.dll
0x00007ffc668c0000 - 0x00007ffc668f0000 	C:\Windows\System32\IMM32.DLL
0x00007ffc60140000 - 0x00007ffc6014c000 	C:\Users\Dilnoza\.jdks\openjdk-19.0.1\bin\vcruntime140_1.dll
0x00007ffc5d200000 - 0x00007ffc5d28e000 	C:\Users\Dilnoza\.jdks\openjdk-19.0.1\bin\msvcp140.dll
0x00007ffc28680000 - 0x00007ffc29340000 	C:\Users\Dilnoza\.jdks\openjdk-19.0.1\bin\server\jvm.dll
0x00007ffc65c00000 - 0x00007ffc65cae000 	C:\Windows\System32\ADVAPI32.dll
0x00007ffc65d60000 - 0x00007ffc65dfc000 	C:\Windows\System32\sechost.dll
0x00007ffc66170000 - 0x00007ffc66295000 	C:\Windows\System32\RPCRT4.dll
0x00007ffc5e7e0000 - 0x00007ffc5e7e9000 	C:\Windows\SYSTEM32\WSOCK32.dll
0x00007ffc5c5e0000 - 0x00007ffc5c5ea000 	C:\Windows\SYSTEM32\VERSION.dll
0x00007ffc668f0000 - 0x00007ffc6695b000 	C:\Windows\System32\WS2_32.dll
0x00007ffc5a470000 - 0x00007ffc5a497000 	C:\Windows\SYSTEM32\WINMM.dll
0x00007ffc62140000 - 0x00007ffc62152000 	C:\Windows\SYSTEM32\kernel.appcore.dll
0x00007ffc5e830000 - 0x00007ffc5e83a000 	C:\Users\Dilnoza\.jdks\openjdk-19.0.1\bin\jimage.dll
0x00007ffc4f2e0000 - 0x00007ffc4f4c4000 	C:\Windows\SYSTEM32\DBGHELP.DLL
0x00007ffc4f260000 - 0x00007ffc4f28c000 	C:\Windows\SYSTEM32\dbgcore.DLL
0x00007ffc64610000 - 0x00007ffc64692000 	C:\Windows\System32\bcryptPrimitives.dll
0x00007ffc52210000 - 0x00007ffc5221e000 	C:\Users\Dilnoza\.jdks\openjdk-19.0.1\bin\instrument.dll
0x00007ffc5e800000 - 0x00007ffc5e826000 	C:\Users\Dilnoza\.jdks\openjdk-19.0.1\bin\java.dll

dbghelp: loaded successfully - version: 4.0.5 - missing functions: none
symbol engine: initialized successfully - sym options: 0x614 - pdb path: .;C:\Users\Dilnoza\.jdks\openjdk-19.0.1\bin;C:\Windows\SYSTEM32;C:\Windows\WinSxS\amd64_microsoft.windows.common-controls_6595b64144ccf1df_6.0.19041.1110_none_60b5254171f9507e;C:\Users\Dilnoza\.jdks\openjdk-19.0.1\bin\server

VM Arguments:
jvm_args: -javaagent:C:\Users\Dilnoza\AppData\Local\JetBrains\Toolbox\apps\IDEA-C\ch-0\223.8214.52\lib\idea_rt.jar=59016:C:\Users\Dilnoza\AppData\Local\JetBrains\Toolbox\apps\IDEA-C\ch-0\223.8214.52\bin -Dfile.encoding=UTF-8 -Dsun.stdout.encoding=UTF-8 -Dsun.stderr.encoding=UTF-8 
java_command: com.exelenter.Main
java_class_path (initial): C:\Users\Dilnoza\Desktop\Programming\TestNGFramework\target\classes
Launcher Type: SUN_STANDARD

[Global flags]
     intx CICompilerCount                          = 4                                         {product} {ergonomic}
     uint ConcGCThreads                            = 3                                         {product} {ergonomic}
     uint G1ConcRefinementThreads                  = 10                                        {product} {ergonomic}
   size_t G1HeapRegionSize                         = 2097152                                   {product} {ergonomic}
    uintx GCDrainStackTargetSize                   = 64                                        {product} {ergonomic}
   size_t InitialHeapSize                          = 268435456                                 {product} {ergonomic}
   size_t MarkStackSize                            = 4194304                                   {product} {ergonomic}
   size_t MaxHeapSize                              = 4263510016                                {product} {ergonomic}
   size_t MinHeapDeltaBytes                        = 2097152                                   {product} {ergonomic}
   size_t MinHeapSize                              = 8388608                                   {product} {ergonomic}
    uintx NonNMethodCodeHeapSize                   = 5839372                                {pd product} {ergonomic}
    uintx NonProfiledCodeHeapSize                  = 122909434                              {pd product} {ergonomic}
    uintx ProfiledCodeHeapSize                     = 122909434                              {pd product} {ergonomic}
    uintx ReservedCodeCacheSize                    = 251658240                              {pd product} {ergonomic}
     bool SegmentedCodeCache                       = true                                      {product} {ergonomic}
   size_t SoftMaxHeapSize                          = 4263510016                             {manageable} {ergonomic}
     bool UseCompressedClassPointers               = true                           {product lp64_product} {ergonomic}
     bool UseCompressedOops                        = true                           {product lp64_product} {ergonomic}
     bool UseG1GC                                  = true                                      {product} {ergonomic}
     bool UseLargePagesIndividualAllocation        = false                                  {pd product} {ergonomic}

Logging:
Log output configuration:
 #0: stdout all=warning uptime,level,tags foldmultilines=false
 #1: stderr all=off uptime,level,tags foldmultilines=false

Environment Variables:
PATH=C:\Program Files\Common Files\Oracle\Java\javapath;C:\Windows\system32;C:\Windows;C:\Windows\System32\Wbem;C:\Windows\System32\WindowsPowerShell\v1.0\;C:\Windows\System32\OpenSSH\;C:\Program Files (x86)\NVIDIA Corporation\PhysX\Common;C:\Program Files\NVIDIA Corporation\NVIDIA NvDLISR;C:\Users\Dilnoza\JavaCourse\JavaCourse\Git\cmd;C:\Users\Dilnoza\AppData\Local\Microsoft\WindowsApps;;C:\Users\Dilnoza\AppData\Local\Programs\Microsoft VS Code\bin;C:\Program Files\JetBrains\IntelliJ IDEA Community Edition 2022.3\bin;
USERNAME=Dilnoza
OS=Windows_NT
PROCESSOR_IDENTIFIER=Intel64 Family 6 Model 158 Stepping 10, GenuineIntel
TMP=C:\Users\Dilnoza\AppData\Local\Temp
TEMP=C:\Users\Dilnoza\AppData\Local\Temp



---------------  S Y S T E M  ---------------

OS:
 Windows 10 , 64 bit Build 19041 (10.0.19041.1706)
OS uptime: 41 days 7:40 hours

CPU: total 12 (initial active 12) (6 cores per cpu, 2 threads per core) family 6 model 158 stepping 10 microcode 0xf0, cx8, cmov, fxsr, ht, mmx, 3dnowpref, sse, sse2, sse3, ssse3, sse4.1, sse4.2, popcnt, lzcnt, tsc, tscinvbit, avx, avx2, aes, erms, clmul, bmi1, bmi2, adx, fma, vzeroupper, clflush, clflushopt, rdtscp

Memory: 4k page, system-wide physical 16260M (3690M free)
TotalPageFile size 31365M (AvailPageFile size 161M)
current process WorkingSet (physical memory assigned to process): 10M, peak: 10M
current process commit charge ("private bytes"): 64M, peak: 320M

vm_info: OpenJDK 64-Bit Server VM (19.0.1+10-21) for windows-amd64 JRE (19.0.1+10-21), built on 2022-09-14T12:45:06Z by "mach5one" with MS VC++ 17.1 (VS2022)

END.
